<?xml version="1.0" encoding="UTF-8"?>
<testng-results ignored="0" total="2" passed="2" failed="0" skipped="0">
  <reporter-output>
  </reporter-output>
  <suite started-at="2023-06-15T07:40:14 IST" name="Suite" finished-at="2023-06-15T07:41:23 IST" duration-ms="68768">
    <groups>
    </groups>
    <test started-at="2023-06-15T07:40:14 IST" name="Test" finished-at="2023-06-15T07:41:23 IST" duration-ms="68768">
      <class name="Test_Cases.Test_Case001">
        <test-method is-config="true" signature="setup()[pri:0, instance:Test_Cases.Test_Case001@7f485fda]" started-at="2023-06-15T07:40:14 IST" name="setup" finished-at="2023-06-15T07:40:27 IST" duration-ms="12366" status="PASS">
          <reporter-output>
          </reporter-output>
        </test-method> <!-- setup -->
        <test-method signature="test_account()[pri:0, instance:Test_Cases.Test_Case001@7f485fda]" started-at="2023-06-15T07:40:27 IST" name="test_account" finished-at="2023-06-15T07:40:40 IST" duration-ms="13213" status="PASS">
          <reporter-output>
          </reporter-output>
        </test-method> <!-- test_account -->
        <test-method is-config="true" signature="teardown()[pri:0, instance:Test_Cases.Test_Case001@7f485fda]" started-at="2023-06-15T07:40:40 IST" name="teardown" finished-at="2023-06-15T07:40:40 IST" duration-ms="1" status="PASS">
          <reporter-output>
          </reporter-output>
        </test-method> <!-- teardown -->
      </class> <!-- Test_Cases.Test_Case001 -->
      <class name="Test_Cases.Test_Cases002">
        <test-method is-config="true" signature="setup()[pri:0, instance:Test_Cases.Test_Cases002@72cc7e6f]" started-at="2023-06-15T07:40:40 IST" name="setup" finished-at="2023-06-15T07:40:45 IST" duration-ms="4762" status="PASS">
          <reporter-output>
          </reporter-output>
        </test-method> <!-- setup -->
        <test-method signature="staff_account()[pri:0, instance:Test_Cases.Test_Cases002@72cc7e6f]" started-at="2023-06-15T07:40:45 IST" name="staff_account" finished-at="2023-06-15T07:41:23 IST" duration-ms="37828" status="PASS">
          <reporter-output>
          </reporter-output>
        </test-method> <!-- staff_account -->
        <test-method is-config="true" signature="teardown()[pri:0, instance:Test_Cases.Test_Cases002@72cc7e6f]" started-at="2023-06-15T07:41:23 IST" name="teardown" finished-at="2023-06-15T07:41:23 IST" duration-ms="0" status="PASS">
          <reporter-output>
          </reporter-output>
        </test-method> <!-- teardown -->
      </class> <!-- Test_Cases.Test_Cases002 -->
    </test> <!-- Test -->
  </suite> <!-- Suite -->
</testng-results>
