<?xml version="1.0" encoding="UTF-8"?>
<testng-results ignored="0" total="2" passed="2" failed="0" skipped="0">
  <reporter-output>
  </reporter-output>
  <suite started-at="2023-06-07T21:15:16 IST" name="Suite" finished-at="2023-06-07T21:16:45 IST" duration-ms="88313">
    <groups>
    </groups>
    <test started-at="2023-06-07T21:15:16 IST" name="Test" finished-at="2023-06-07T21:16:45 IST" duration-ms="88313">
      <class name="Test_Cases.Test_Case001">
        <test-method is-config="true" signature="setup()[pri:0, instance:Test_Cases.Test_Case001@33d512c1]" started-at="2023-06-07T21:15:17 IST" name="setup" finished-at="2023-06-07T21:15:35 IST" duration-ms="17891" status="PASS">
          <reporter-output>
          </reporter-output>
        </test-method> <!-- setup -->
        <test-method signature="test_account()[pri:0, instance:Test_Cases.Test_Case001@33d512c1]" started-at="2023-06-07T21:15:35 IST" name="test_account" finished-at="2023-06-07T21:15:57 IST" duration-ms="22266" status="PASS">
          <reporter-output>
          </reporter-output>
        </test-method> <!-- test_account -->
        <test-method is-config="true" signature="teardown()[pri:0, instance:Test_Cases.Test_Case001@33d512c1]" started-at="2023-06-07T21:15:57 IST" name="teardown" finished-at="2023-06-07T21:15:57 IST" duration-ms="1" status="PASS">
          <reporter-output>
          </reporter-output>
        </test-method> <!-- teardown -->
      </class> <!-- Test_Cases.Test_Case001 -->
      <class name="Test_Cases.Test_Cases002">
        <test-method is-config="true" signature="setup()[pri:0, instance:Test_Cases.Test_Cases002@6771beb3]" started-at="2023-06-07T21:15:57 IST" name="setup" finished-at="2023-06-07T21:16:04 IST" duration-ms="7176" status="PASS">
          <reporter-output>
          </reporter-output>
        </test-method> <!-- setup -->
        <test-method signature="staff_account()[pri:0, instance:Test_Cases.Test_Cases002@6771beb3]" started-at="2023-06-07T21:16:04 IST" name="staff_account" finished-at="2023-06-07T21:16:45 IST" duration-ms="40465" status="PASS">
          <reporter-output>
          </reporter-output>
        </test-method> <!-- staff_account -->
        <test-method is-config="true" signature="teardown()[pri:0, instance:Test_Cases.Test_Cases002@6771beb3]" started-at="2023-06-07T21:16:45 IST" name="teardown" finished-at="2023-06-07T21:16:45 IST" duration-ms="1" status="PASS">
          <reporter-output>
          </reporter-output>
        </test-method> <!-- teardown -->
      </class> <!-- Test_Cases.Test_Cases002 -->
    </test> <!-- Test -->
  </suite> <!-- Suite -->
</testng-results>
